CRITICAL - 2025-03-15 08:42:00 --> PDOException: SQLSTATE[HY000] [2002] No connection could be made because the target machine actively refused it
[Method: GET, Route: home5/test]
in APPPATH\Libraries\DB.php on line 31.
 1 APPPATH\Libraries\DB.php(31): PDO->__construct('mysql:host=localhost;dbname=codeigniter46;charset=utf8', 'root', Object(SensitiveParameterValue))
 2 APPPATH\Controllers\Home5.php(11): App\Libraries\DB->__construct()
 3 SYSTEMPATH\CodeIgniter.php(903): App\Controllers\Home5->__construct()
 4 SYSTEMPATH\CodeIgniter.php(498): CodeIgniter\CodeIgniter->createController()
 5 SYSTEMPATH\CodeIgniter.php(354): CodeIgniter\CodeIgniter->handleRequest(null, Object(Config\Cache), false)
 6 SYSTEMPATH\Boot.php(334): CodeIgniter\CodeIgniter->run()
 7 SYSTEMPATH\Boot.php(67): CodeIgniter\Boot::runCodeIgniter(Object(CodeIgniter\CodeIgniter))
 8 FCPATH\index.php(56): CodeIgniter\Boot::bootWeb(Object(Config\Paths))
CRITICAL - 2025-03-15 08:44:25 --> PDOException: SQLSTATE[HY000] [2006] MySQL server has gone away
[Method: GET, Route: home5/test]
in APPPATH\Libraries\DB.php on line 31.
 1 APPPATH\Libraries\DB.php(31): PDO->__construct('mysql:host=localhost;dbname=codeigniter46;charset=utf8', 'root', Object(SensitiveParameterValue))
 2 APPPATH\Controllers\Home5.php(11): App\Libraries\DB->__construct()
 3 SYSTEMPATH\CodeIgniter.php(903): App\Controllers\Home5->__construct()
 4 SYSTEMPATH\CodeIgniter.php(498): CodeIgniter\CodeIgniter->createController()
 5 SYSTEMPATH\CodeIgniter.php(354): CodeIgniter\CodeIgniter->handleRequest(null, Object(Config\Cache), false)
 6 SYSTEMPATH\Boot.php(334): CodeIgniter\CodeIgniter->run()
 7 SYSTEMPATH\Boot.php(67): CodeIgniter\Boot::runCodeIgniter(Object(CodeIgniter\CodeIgniter))
 8 FCPATH\index.php(56): CodeIgniter\Boot::bootWeb(Object(Config\Paths))
CRITICAL - 2025-03-15 08:44:25 --> [Caused by] PDOException: PDO::__construct(): Error while reading greeting packet. PID=6424
in APPPATH\Libraries\DB.php on line 31.
 1 APPPATH\Libraries\DB.php(31): PDO->__construct('mysql:host=localhost;dbname=codeigniter46;charset=utf8', 'root', Object(SensitiveParameterValue))
 2 APPPATH\Controllers\Home5.php(11): App\Libraries\DB->__construct()
 3 SYSTEMPATH\CodeIgniter.php(903): App\Controllers\Home5->__construct()
 4 SYSTEMPATH\CodeIgniter.php(498): CodeIgniter\CodeIgniter->createController()
 5 SYSTEMPATH\CodeIgniter.php(354): CodeIgniter\CodeIgniter->handleRequest(null, Object(Config\Cache), false)
 6 SYSTEMPATH\Boot.php(334): CodeIgniter\CodeIgniter->run()
 7 SYSTEMPATH\Boot.php(67): CodeIgniter\Boot::runCodeIgniter(Object(CodeIgniter\CodeIgniter))
 8 FCPATH\index.php(56): CodeIgniter\Boot::bootWeb(Object(Config\Paths))
CRITICAL - 2025-03-15 08:49:41 --> PDOException: SQLSTATE[HY000] [2006] MySQL server has gone away
[Method: GET, Route: home5/test]
in APPPATH\Libraries\DB.php on line 31.
 1 APPPATH\Libraries\DB.php(31): PDO->__construct('mysql:host=localhost;dbname=codeigniter46;charset=utf8', 'root', Object(SensitiveParameterValue))
 2 APPPATH\Controllers\Home5.php(11): App\Libraries\DB->__construct()
 3 SYSTEMPATH\CodeIgniter.php(903): App\Controllers\Home5->__construct()
 4 SYSTEMPATH\CodeIgniter.php(498): CodeIgniter\CodeIgniter->createController()
 5 SYSTEMPATH\CodeIgniter.php(354): CodeIgniter\CodeIgniter->handleRequest(null, Object(Config\Cache), false)
 6 SYSTEMPATH\Boot.php(334): CodeIgniter\CodeIgniter->run()
 7 SYSTEMPATH\Boot.php(67): CodeIgniter\Boot::runCodeIgniter(Object(CodeIgniter\CodeIgniter))
 8 FCPATH\index.php(56): CodeIgniter\Boot::bootWeb(Object(Config\Paths))
CRITICAL - 2025-03-15 08:49:41 --> [Caused by] PDOException: PDO::__construct(): Error while reading greeting packet. PID=7692
in APPPATH\Libraries\DB.php on line 31.
 1 APPPATH\Libraries\DB.php(31): PDO->__construct('mysql:host=localhost;dbname=codeigniter46;charset=utf8', 'root', Object(SensitiveParameterValue))
 2 APPPATH\Controllers\Home5.php(11): App\Libraries\DB->__construct()
 3 SYSTEMPATH\CodeIgniter.php(903): App\Controllers\Home5->__construct()
 4 SYSTEMPATH\CodeIgniter.php(498): CodeIgniter\CodeIgniter->createController()
 5 SYSTEMPATH\CodeIgniter.php(354): CodeIgniter\CodeIgniter->handleRequest(null, Object(Config\Cache), false)
 6 SYSTEMPATH\Boot.php(334): CodeIgniter\CodeIgniter->run()
 7 SYSTEMPATH\Boot.php(67): CodeIgniter\Boot::runCodeIgniter(Object(CodeIgniter\CodeIgniter))
 8 FCPATH\index.php(56): CodeIgniter\Boot::bootWeb(Object(Config\Paths))
CRITICAL - 2025-03-15 08:50:08 --> PDOException: SQLSTATE[HY000] [2002] No connection could be made because the target machine actively refused it
[Method: GET, Route: home5/test]
in APPPATH\Libraries\DB.php on line 31.
 1 APPPATH\Libraries\DB.php(31): PDO->__construct('mysql:host=localhost;dbname=codeigniter46;charset=utf8', 'root', Object(SensitiveParameterValue))
 2 APPPATH\Controllers\Home5.php(11): App\Libraries\DB->__construct()
 3 SYSTEMPATH\CodeIgniter.php(903): App\Controllers\Home5->__construct()
 4 SYSTEMPATH\CodeIgniter.php(498): CodeIgniter\CodeIgniter->createController()
 5 SYSTEMPATH\CodeIgniter.php(354): CodeIgniter\CodeIgniter->handleRequest(null, Object(Config\Cache), false)
 6 SYSTEMPATH\Boot.php(334): CodeIgniter\CodeIgniter->run()
 7 SYSTEMPATH\Boot.php(67): CodeIgniter\Boot::runCodeIgniter(Object(CodeIgniter\CodeIgniter))
 8 FCPATH\index.php(56): CodeIgniter\Boot::bootWeb(Object(Config\Paths))
CRITICAL - 2025-03-15 08:50:18 --> PDOException: SQLSTATE[HY000] [2002] No connection could be made because the target machine actively refused it
[Method: GET, Route: home5/test]
in APPPATH\Libraries\DB.php on line 31.
 1 APPPATH\Libraries\DB.php(31): PDO->__construct('mysql:host=localhost;dbname=codeigniter46;charset=utf8', 'root', Object(SensitiveParameterValue))
 2 APPPATH\Controllers\Home5.php(11): App\Libraries\DB->__construct()
 3 SYSTEMPATH\CodeIgniter.php(903): App\Controllers\Home5->__construct()
 4 SYSTEMPATH\CodeIgniter.php(498): CodeIgniter\CodeIgniter->createController()
 5 SYSTEMPATH\CodeIgniter.php(354): CodeIgniter\CodeIgniter->handleRequest(null, Object(Config\Cache), false)
 6 SYSTEMPATH\Boot.php(334): CodeIgniter\CodeIgniter->run()
 7 SYSTEMPATH\Boot.php(67): CodeIgniter\Boot::runCodeIgniter(Object(CodeIgniter\CodeIgniter))
 8 FCPATH\index.php(56): CodeIgniter\Boot::bootWeb(Object(Config\Paths))
CRITICAL - 2025-03-15 10:46:50 --> PDOException: SQLSTATE[HY000] [1049] Unknown database 'codeigniter46'
[Method: GET, Route: home5/test]
in APPPATH\Libraries\DB.php on line 31.
 1 APPPATH\Libraries\DB.php(31): PDO->__construct('mysql:host=localhost;dbname=codeigniter46;charset=utf8', 'root', Object(SensitiveParameterValue))
 2 APPPATH\Controllers\Home5.php(11): App\Libraries\DB->__construct()
 3 SYSTEMPATH\CodeIgniter.php(903): App\Controllers\Home5->__construct()
 4 SYSTEMPATH\CodeIgniter.php(498): CodeIgniter\CodeIgniter->createController()
 5 SYSTEMPATH\CodeIgniter.php(354): CodeIgniter\CodeIgniter->handleRequest(null, Object(Config\Cache), false)
 6 SYSTEMPATH\Boot.php(334): CodeIgniter\CodeIgniter->run()
 7 SYSTEMPATH\Boot.php(67): CodeIgniter\Boot::runCodeIgniter(Object(CodeIgniter\CodeIgniter))
 8 FCPATH\index.php(56): CodeIgniter\Boot::bootWeb(Object(Config\Paths))
DEBUG - 2025-03-15 10:47:15 --> Session: Class initialized using 'CodeIgniter\Session\Handlers\FileHandler' driver.
CRITICAL - 2025-03-15 10:47:18 --> PDOException: SQLSTATE[42S02]: Base table or view not found: 1146 Table 'codeigniter46.emp' doesn't exist
[Method: POST, Route: Home5/test2ListAjax]
in APPPATH\Libraries\DB.php on line 94.
 1 APPPATH\Libraries\DB.php(94): PDOStatement->execute([])
 2 APPPATH\Controllers\Home5.php(72): App\Libraries\DB->query2('SELECT count(id) as count FROM  emp e   where 1', [])
 3 SYSTEMPATH\CodeIgniter.php(933): App\Controllers\Home5->test2ListAjax()
 4 SYSTEMPATH\CodeIgniter.php(507): CodeIgniter\CodeIgniter->runController(Object(App\Controllers\Home5))
 5 SYSTEMPATH\CodeIgniter.php(354): CodeIgniter\CodeIgniter->handleRequest(null, Object(Config\Cache), false)
 6 SYSTEMPATH\Boot.php(334): CodeIgniter\CodeIgniter->run()
 7 SYSTEMPATH\Boot.php(67): CodeIgniter\Boot::runCodeIgniter(Object(CodeIgniter\CodeIgniter))
 8 FCPATH\index.php(56): CodeIgniter\Boot::bootWeb(Object(Config\Paths))
DEBUG - 2025-03-15 10:47:26 --> Session: Class initialized using 'CodeIgniter\Session\Handlers\FileHandler' driver.
CRITICAL - 2025-03-15 10:47:29 --> PDOException: SQLSTATE[42S02]: Base table or view not found: 1146 Table 'codeigniter46.emp' doesn't exist
[Method: POST, Route: Home5/test2ListAjax]
in APPPATH\Libraries\DB.php on line 94.
 1 APPPATH\Libraries\DB.php(94): PDOStatement->execute([])
 2 APPPATH\Controllers\Home5.php(72): App\Libraries\DB->query2('SELECT count(id) as count FROM  emp e   where 1', [])
 3 SYSTEMPATH\CodeIgniter.php(933): App\Controllers\Home5->test2ListAjax()
 4 SYSTEMPATH\CodeIgniter.php(507): CodeIgniter\CodeIgniter->runController(Object(App\Controllers\Home5))
 5 SYSTEMPATH\CodeIgniter.php(354): CodeIgniter\CodeIgniter->handleRequest(null, Object(Config\Cache), false)
 6 SYSTEMPATH\Boot.php(334): CodeIgniter\CodeIgniter->run()
 7 SYSTEMPATH\Boot.php(67): CodeIgniter\Boot::runCodeIgniter(Object(CodeIgniter\CodeIgniter))
 8 FCPATH\index.php(56): CodeIgniter\Boot::bootWeb(Object(Config\Paths))
DEBUG - 2025-03-15 10:48:13 --> Session: Class initialized using 'CodeIgniter\Session\Handlers\FileHandler' driver.
DEBUG - 2025-03-15 10:51:43 --> Session: Class initialized using 'CodeIgniter\Session\Handlers\FileHandler' driver.
DEBUG - 2025-03-15 10:52:23 --> Session: Class initialized using 'CodeIgniter\Session\Handlers\FileHandler' driver.
CRITICAL - 2025-03-15 10:52:23 --> PDOException: SQLSTATE[42S22]: Column not found: 1054 Unknown column 'mobile' in 'field list'
[Method: POST, Route: Home5/form_action]
in APPPATH\Libraries\DB.php on line 315.
 1 APPPATH\Libraries\DB.php(315): PDOStatement->execute([...])
 2 APPPATH\Controllers\Home5.php(179): App\Libraries\DB->insert('emp', [...])
 3 SYSTEMPATH\CodeIgniter.php(933): App\Controllers\Home5->form_action()
 4 SYSTEMPATH\CodeIgniter.php(507): CodeIgniter\CodeIgniter->runController(Object(App\Controllers\Home5))
 5 SYSTEMPATH\CodeIgniter.php(354): CodeIgniter\CodeIgniter->handleRequest(null, Object(Config\Cache), false)
 6 SYSTEMPATH\Boot.php(334): CodeIgniter\CodeIgniter->run()
 7 SYSTEMPATH\Boot.php(67): CodeIgniter\Boot::runCodeIgniter(Object(CodeIgniter\CodeIgniter))
 8 FCPATH\index.php(56): CodeIgniter\Boot::bootWeb(Object(Config\Paths))
DEBUG - 2025-03-15 10:52:45 --> Session: Class initialized using 'CodeIgniter\Session\Handlers\FileHandler' driver.
DEBUG - 2025-03-15 10:54:29 --> Session: Class initialized using 'CodeIgniter\Session\Handlers\FileHandler' driver.
DEBUG - 2025-03-15 11:02:40 --> Session: Class initialized using 'CodeIgniter\Session\Handlers\FileHandler' driver.
DEBUG - 2025-03-15 11:03:07 --> Session: Class initialized using 'CodeIgniter\Session\Handlers\FileHandler' driver.
DEBUG - 2025-03-15 11:03:30 --> Session: Class initialized using 'CodeIgniter\Session\Handlers\FileHandler' driver.
DEBUG - 2025-03-15 11:04:45 --> Session: Class initialized using 'CodeIgniter\Session\Handlers\FileHandler' driver.
DEBUG - 2025-03-15 11:05:19 --> Session: Class initialized using 'CodeIgniter\Session\Handlers\FileHandler' driver.
DEBUG - 2025-03-15 11:05:49 --> Session: Class initialized using 'CodeIgniter\Session\Handlers\FileHandler' driver.
DEBUG - 2025-03-15 11:06:05 --> Session: Class initialized using 'CodeIgniter\Session\Handlers\FileHandler' driver.
DEBUG - 2025-03-15 11:06:26 --> Session: Class initialized using 'CodeIgniter\Session\Handlers\FileHandler' driver.
DEBUG - 2025-03-15 11:12:05 --> Session: Class initialized using 'CodeIgniter\Session\Handlers\FileHandler' driver.
DEBUG - 2025-03-15 11:20:03 --> Session: Class initialized using 'CodeIgniter\Session\Handlers\FileHandler' driver.
CRITICAL - 2025-03-15 11:32:01 --> ErrorException: require_once(C:\xampp\htdocs\codeigniter46\app\ThirdParty/PhpSpreadsheet/src/PhpSpreadsheet/Bootstrap.php): Failed to open stream: No such file or directory
[Method: GET, Route: home/export]
in APPPATH\Helpers\phpspreadsheet_helper.php on line 9.
 1 APPPATH\Helpers\phpspreadsheet_helper.php(9): CodeIgniter\Debug\Exceptions->errorHandler(2, 'require_once(C:\\xampp\\htdocs\\codeigniter46\\app\\ThirdParty/PhpSpreadsheet/src/PhpSpreadsheet/Bootstrap.php): Failed to open stream: No such file or directory', 'C:\\xampp\\htdocs\\codeigniter46\\app\\Helpers\\phpspreadsheet_helper.php', 9)
 2 APPPATH\Helpers\phpspreadsheet_helper.php(9): require_once()
 3 APPPATH\Controllers\Home.php(225): load_phpspreadsheet()
 4 SYSTEMPATH\CodeIgniter.php(933): App\Controllers\Home->export()
 5 SYSTEMPATH\CodeIgniter.php(507): CodeIgniter\CodeIgniter->runController(Object(App\Controllers\Home))
 6 SYSTEMPATH\CodeIgniter.php(354): CodeIgniter\CodeIgniter->handleRequest(null, Object(Config\Cache), false)
 7 SYSTEMPATH\Boot.php(334): CodeIgniter\CodeIgniter->run()
 8 SYSTEMPATH\Boot.php(67): CodeIgniter\Boot::runCodeIgniter(Object(CodeIgniter\CodeIgniter))
 9 FCPATH\index.php(56): CodeIgniter\Boot::bootWeb(Object(Config\Paths))
CRITICAL - 2025-03-15 11:32:38 --> Error: Class "App\Controllers\Spreadsheet" not found
[Method: GET, Route: home/export]
in APPPATH\Controllers\Home.php on line 228.
 1 SYSTEMPATH\CodeIgniter.php(933): App\Controllers\Home->export()
 2 SYSTEMPATH\CodeIgniter.php(507): CodeIgniter\CodeIgniter->runController(Object(App\Controllers\Home))
 3 SYSTEMPATH\CodeIgniter.php(354): CodeIgniter\CodeIgniter->handleRequest(null, Object(Config\Cache), false)
 4 SYSTEMPATH\Boot.php(334): CodeIgniter\CodeIgniter->run()
 5 SYSTEMPATH\Boot.php(67): CodeIgniter\Boot::runCodeIgniter(Object(CodeIgniter\CodeIgniter))
 6 FCPATH\index.php(56): CodeIgniter\Boot::bootWeb(Object(Config\Paths))
CRITICAL - 2025-03-15 11:32:39 --> Error: Class "App\Controllers\Spreadsheet" not found
[Method: GET, Route: home/export]
in APPPATH\Controllers\Home.php on line 228.
 1 SYSTEMPATH\CodeIgniter.php(933): App\Controllers\Home->export()
 2 SYSTEMPATH\CodeIgniter.php(507): CodeIgniter\CodeIgniter->runController(Object(App\Controllers\Home))
 3 SYSTEMPATH\CodeIgniter.php(354): CodeIgniter\CodeIgniter->handleRequest(null, Object(Config\Cache), false)
 4 SYSTEMPATH\Boot.php(334): CodeIgniter\CodeIgniter->run()
 5 SYSTEMPATH\Boot.php(67): CodeIgniter\Boot::runCodeIgniter(Object(CodeIgniter\CodeIgniter))
 6 FCPATH\index.php(56): CodeIgniter\Boot::bootWeb(Object(Config\Paths))
CRITICAL - 2025-03-15 11:32:40 --> Error: Class "App\Controllers\Spreadsheet" not found
[Method: GET, Route: home/export]
in APPPATH\Controllers\Home.php on line 228.
 1 SYSTEMPATH\CodeIgniter.php(933): App\Controllers\Home->export()
 2 SYSTEMPATH\CodeIgniter.php(507): CodeIgniter\CodeIgniter->runController(Object(App\Controllers\Home))
 3 SYSTEMPATH\CodeIgniter.php(354): CodeIgniter\CodeIgniter->handleRequest(null, Object(Config\Cache), false)
 4 SYSTEMPATH\Boot.php(334): CodeIgniter\CodeIgniter->run()
 5 SYSTEMPATH\Boot.php(67): CodeIgniter\Boot::runCodeIgniter(Object(CodeIgniter\CodeIgniter))
 6 FCPATH\index.php(56): CodeIgniter\Boot::bootWeb(Object(Config\Paths))
CRITICAL - 2025-03-15 11:32:40 --> Error: Class "App\Controllers\Spreadsheet" not found
[Method: GET, Route: home/export]
in APPPATH\Controllers\Home.php on line 228.
 1 SYSTEMPATH\CodeIgniter.php(933): App\Controllers\Home->export()
 2 SYSTEMPATH\CodeIgniter.php(507): CodeIgniter\CodeIgniter->runController(Object(App\Controllers\Home))
 3 SYSTEMPATH\CodeIgniter.php(354): CodeIgniter\CodeIgniter->handleRequest(null, Object(Config\Cache), false)
 4 SYSTEMPATH\Boot.php(334): CodeIgniter\CodeIgniter->run()
 5 SYSTEMPATH\Boot.php(67): CodeIgniter\Boot::runCodeIgniter(Object(CodeIgniter\CodeIgniter))
 6 FCPATH\index.php(56): CodeIgniter\Boot::bootWeb(Object(Config\Paths))
CRITICAL - 2025-03-15 11:33:05 --> Error: Class "PhpOffice\PhpSpreadsheet\Spreadsheet" not found
[Method: GET, Route: home/export]
in APPPATH\Controllers\Home.php on line 231.
 1 SYSTEMPATH\CodeIgniter.php(933): App\Controllers\Home->export()
 2 SYSTEMPATH\CodeIgniter.php(507): CodeIgniter\CodeIgniter->runController(Object(App\Controllers\Home))
 3 SYSTEMPATH\CodeIgniter.php(354): CodeIgniter\CodeIgniter->handleRequest(null, Object(Config\Cache), false)
 4 SYSTEMPATH\Boot.php(334): CodeIgniter\CodeIgniter->run()
 5 SYSTEMPATH\Boot.php(67): CodeIgniter\Boot::runCodeIgniter(Object(CodeIgniter\CodeIgniter))
 6 FCPATH\index.php(56): CodeIgniter\Boot::bootWeb(Object(Config\Paths))
CRITICAL - 2025-03-15 11:33:06 --> Error: Class "PhpOffice\PhpSpreadsheet\Spreadsheet" not found
[Method: GET, Route: home/export]
in APPPATH\Controllers\Home.php on line 231.
 1 SYSTEMPATH\CodeIgniter.php(933): App\Controllers\Home->export()
 2 SYSTEMPATH\CodeIgniter.php(507): CodeIgniter\CodeIgniter->runController(Object(App\Controllers\Home))
 3 SYSTEMPATH\CodeIgniter.php(354): CodeIgniter\CodeIgniter->handleRequest(null, Object(Config\Cache), false)
 4 SYSTEMPATH\Boot.php(334): CodeIgniter\CodeIgniter->run()
 5 SYSTEMPATH\Boot.php(67): CodeIgniter\Boot::runCodeIgniter(Object(CodeIgniter\CodeIgniter))
 6 FCPATH\index.php(56): CodeIgniter\Boot::bootWeb(Object(Config\Paths))
CRITICAL - 2025-03-15 11:33:07 --> Error: Class "PhpOffice\PhpSpreadsheet\Spreadsheet" not found
[Method: GET, Route: home/export]
in APPPATH\Controllers\Home.php on line 231.
 1 SYSTEMPATH\CodeIgniter.php(933): App\Controllers\Home->export()
 2 SYSTEMPATH\CodeIgniter.php(507): CodeIgniter\CodeIgniter->runController(Object(App\Controllers\Home))
 3 SYSTEMPATH\CodeIgniter.php(354): CodeIgniter\CodeIgniter->handleRequest(null, Object(Config\Cache), false)
 4 SYSTEMPATH\Boot.php(334): CodeIgniter\CodeIgniter->run()
 5 SYSTEMPATH\Boot.php(67): CodeIgniter\Boot::runCodeIgniter(Object(CodeIgniter\CodeIgniter))
 6 FCPATH\index.php(56): CodeIgniter\Boot::bootWeb(Object(Config\Paths))
CRITICAL - 2025-03-15 11:33:07 --> Error: Class "PhpOffice\PhpSpreadsheet\Spreadsheet" not found
[Method: GET, Route: home/export]
in APPPATH\Controllers\Home.php on line 231.
 1 SYSTEMPATH\CodeIgniter.php(933): App\Controllers\Home->export()
 2 SYSTEMPATH\CodeIgniter.php(507): CodeIgniter\CodeIgniter->runController(Object(App\Controllers\Home))
 3 SYSTEMPATH\CodeIgniter.php(354): CodeIgniter\CodeIgniter->handleRequest(null, Object(Config\Cache), false)
 4 SYSTEMPATH\Boot.php(334): CodeIgniter\CodeIgniter->run()
 5 SYSTEMPATH\Boot.php(67): CodeIgniter\Boot::runCodeIgniter(Object(CodeIgniter\CodeIgniter))
 6 FCPATH\index.php(56): CodeIgniter\Boot::bootWeb(Object(Config\Paths))
CRITICAL - 2025-03-15 11:33:39 --> Error: Class "PhpOffice\PhpSpreadsheet\Spreadsheet" not found
[Method: GET, Route: home/export]
in APPPATH\Controllers\Home.php on line 231.
 1 SYSTEMPATH\CodeIgniter.php(933): App\Controllers\Home->export()
 2 SYSTEMPATH\CodeIgniter.php(507): CodeIgniter\CodeIgniter->runController(Object(App\Controllers\Home))
 3 SYSTEMPATH\CodeIgniter.php(354): CodeIgniter\CodeIgniter->handleRequest(null, Object(Config\Cache), false)
 4 SYSTEMPATH\Boot.php(334): CodeIgniter\CodeIgniter->run()
 5 SYSTEMPATH\Boot.php(67): CodeIgniter\Boot::runCodeIgniter(Object(CodeIgniter\CodeIgniter))
 6 FCPATH\index.php(56): CodeIgniter\Boot::bootWeb(Object(Config\Paths))
CRITICAL - 2025-03-15 11:33:40 --> Error: Class "PhpOffice\PhpSpreadsheet\Spreadsheet" not found
[Method: GET, Route: home/export]
in APPPATH\Controllers\Home.php on line 231.
 1 SYSTEMPATH\CodeIgniter.php(933): App\Controllers\Home->export()
 2 SYSTEMPATH\CodeIgniter.php(507): CodeIgniter\CodeIgniter->runController(Object(App\Controllers\Home))
 3 SYSTEMPATH\CodeIgniter.php(354): CodeIgniter\CodeIgniter->handleRequest(null, Object(Config\Cache), false)
 4 SYSTEMPATH\Boot.php(334): CodeIgniter\CodeIgniter->run()
 5 SYSTEMPATH\Boot.php(67): CodeIgniter\Boot::runCodeIgniter(Object(CodeIgniter\CodeIgniter))
 6 FCPATH\index.php(56): CodeIgniter\Boot::bootWeb(Object(Config\Paths))
CRITICAL - 2025-03-15 11:33:41 --> Error: Class "PhpOffice\PhpSpreadsheet\Spreadsheet" not found
[Method: GET, Route: home/export]
in APPPATH\Controllers\Home.php on line 231.
 1 SYSTEMPATH\CodeIgniter.php(933): App\Controllers\Home->export()
 2 SYSTEMPATH\CodeIgniter.php(507): CodeIgniter\CodeIgniter->runController(Object(App\Controllers\Home))
 3 SYSTEMPATH\CodeIgniter.php(354): CodeIgniter\CodeIgniter->handleRequest(null, Object(Config\Cache), false)
 4 SYSTEMPATH\Boot.php(334): CodeIgniter\CodeIgniter->run()
 5 SYSTEMPATH\Boot.php(67): CodeIgniter\Boot::runCodeIgniter(Object(CodeIgniter\CodeIgniter))
 6 FCPATH\index.php(56): CodeIgniter\Boot::bootWeb(Object(Config\Paths))
CRITICAL - 2025-03-15 11:33:41 --> Error: Class "PhpOffice\PhpSpreadsheet\Spreadsheet" not found
[Method: GET, Route: home/export]
in APPPATH\Controllers\Home.php on line 231.
 1 SYSTEMPATH\CodeIgniter.php(933): App\Controllers\Home->export()
 2 SYSTEMPATH\CodeIgniter.php(507): CodeIgniter\CodeIgniter->runController(Object(App\Controllers\Home))
 3 SYSTEMPATH\CodeIgniter.php(354): CodeIgniter\CodeIgniter->handleRequest(null, Object(Config\Cache), false)
 4 SYSTEMPATH\Boot.php(334): CodeIgniter\CodeIgniter->run()
 5 SYSTEMPATH\Boot.php(67): CodeIgniter\Boot::runCodeIgniter(Object(CodeIgniter\CodeIgniter))
 6 FCPATH\index.php(56): CodeIgniter\Boot::bootWeb(Object(Config\Paths))
CRITICAL - 2025-03-15 11:33:42 --> Error: Class "PhpOffice\PhpSpreadsheet\Spreadsheet" not found
[Method: GET, Route: home/export]
in APPPATH\Controllers\Home.php on line 231.
 1 SYSTEMPATH\CodeIgniter.php(933): App\Controllers\Home->export()
 2 SYSTEMPATH\CodeIgniter.php(507): CodeIgniter\CodeIgniter->runController(Object(App\Controllers\Home))
 3 SYSTEMPATH\CodeIgniter.php(354): CodeIgniter\CodeIgniter->handleRequest(null, Object(Config\Cache), false)
 4 SYSTEMPATH\Boot.php(334): CodeIgniter\CodeIgniter->run()
 5 SYSTEMPATH\Boot.php(67): CodeIgniter\Boot::runCodeIgniter(Object(CodeIgniter\CodeIgniter))
 6 FCPATH\index.php(56): CodeIgniter\Boot::bootWeb(Object(Config\Paths))
CRITICAL - 2025-03-15 11:33:42 --> Error: Class "PhpOffice\PhpSpreadsheet\Spreadsheet" not found
[Method: GET, Route: home/export]
in APPPATH\Controllers\Home.php on line 231.
 1 SYSTEMPATH\CodeIgniter.php(933): App\Controllers\Home->export()
 2 SYSTEMPATH\CodeIgniter.php(507): CodeIgniter\CodeIgniter->runController(Object(App\Controllers\Home))
 3 SYSTEMPATH\CodeIgniter.php(354): CodeIgniter\CodeIgniter->handleRequest(null, Object(Config\Cache), false)
 4 SYSTEMPATH\Boot.php(334): CodeIgniter\CodeIgniter->run()
 5 SYSTEMPATH\Boot.php(67): CodeIgniter\Boot::runCodeIgniter(Object(CodeIgniter\CodeIgniter))
 6 FCPATH\index.php(56): CodeIgniter\Boot::bootWeb(Object(Config\Paths))
CRITICAL - 2025-03-15 11:33:42 --> Error: Class "PhpOffice\PhpSpreadsheet\Spreadsheet" not found
[Method: GET, Route: home/export]
in APPPATH\Controllers\Home.php on line 231.
 1 SYSTEMPATH\CodeIgniter.php(933): App\Controllers\Home->export()
 2 SYSTEMPATH\CodeIgniter.php(507): CodeIgniter\CodeIgniter->runController(Object(App\Controllers\Home))
 3 SYSTEMPATH\CodeIgniter.php(354): CodeIgniter\CodeIgniter->handleRequest(null, Object(Config\Cache), false)
 4 SYSTEMPATH\Boot.php(334): CodeIgniter\CodeIgniter->run()
 5 SYSTEMPATH\Boot.php(67): CodeIgniter\Boot::runCodeIgniter(Object(CodeIgniter\CodeIgniter))
 6 FCPATH\index.php(56): CodeIgniter\Boot::bootWeb(Object(Config\Paths))
CRITICAL - 2025-03-15 11:35:14 --> Error: Class "PhpOffice\PhpSpreadsheet\Spreadsheet" not found
[Method: GET, Route: home/export]
in APPPATH\Controllers\Home.php on line 231.
 1 SYSTEMPATH\CodeIgniter.php(933): App\Controllers\Home->export()
 2 SYSTEMPATH\CodeIgniter.php(507): CodeIgniter\CodeIgniter->runController(Object(App\Controllers\Home))
 3 SYSTEMPATH\CodeIgniter.php(354): CodeIgniter\CodeIgniter->handleRequest(null, Object(Config\Cache), false)
 4 SYSTEMPATH\Boot.php(334): CodeIgniter\CodeIgniter->run()
 5 SYSTEMPATH\Boot.php(67): CodeIgniter\Boot::runCodeIgniter(Object(CodeIgniter\CodeIgniter))
 6 FCPATH\index.php(56): CodeIgniter\Boot::bootWeb(Object(Config\Paths))
CRITICAL - 2025-03-15 11:35:16 --> Error: Class "PhpOffice\PhpSpreadsheet\Spreadsheet" not found
[Method: GET, Route: home/export]
in APPPATH\Controllers\Home.php on line 231.
 1 SYSTEMPATH\CodeIgniter.php(933): App\Controllers\Home->export()
 2 SYSTEMPATH\CodeIgniter.php(507): CodeIgniter\CodeIgniter->runController(Object(App\Controllers\Home))
 3 SYSTEMPATH\CodeIgniter.php(354): CodeIgniter\CodeIgniter->handleRequest(null, Object(Config\Cache), false)
 4 SYSTEMPATH\Boot.php(334): CodeIgniter\CodeIgniter->run()
 5 SYSTEMPATH\Boot.php(67): CodeIgniter\Boot::runCodeIgniter(Object(CodeIgniter\CodeIgniter))
 6 FCPATH\index.php(56): CodeIgniter\Boot::bootWeb(Object(Config\Paths))
CRITICAL - 2025-03-15 11:35:17 --> Error: Class "PhpOffice\PhpSpreadsheet\Spreadsheet" not found
[Method: GET, Route: home/export]
in APPPATH\Controllers\Home.php on line 231.
 1 SYSTEMPATH\CodeIgniter.php(933): App\Controllers\Home->export()
 2 SYSTEMPATH\CodeIgniter.php(507): CodeIgniter\CodeIgniter->runController(Object(App\Controllers\Home))
 3 SYSTEMPATH\CodeIgniter.php(354): CodeIgniter\CodeIgniter->handleRequest(null, Object(Config\Cache), false)
 4 SYSTEMPATH\Boot.php(334): CodeIgniter\CodeIgniter->run()
 5 SYSTEMPATH\Boot.php(67): CodeIgniter\Boot::runCodeIgniter(Object(CodeIgniter\CodeIgniter))
 6 FCPATH\index.php(56): CodeIgniter\Boot::bootWeb(Object(Config\Paths))
CRITICAL - 2025-03-15 11:35:17 --> Error: Class "PhpOffice\PhpSpreadsheet\Spreadsheet" not found
[Method: GET, Route: home/export]
in APPPATH\Controllers\Home.php on line 231.
 1 SYSTEMPATH\CodeIgniter.php(933): App\Controllers\Home->export()
 2 SYSTEMPATH\CodeIgniter.php(507): CodeIgniter\CodeIgniter->runController(Object(App\Controllers\Home))
 3 SYSTEMPATH\CodeIgniter.php(354): CodeIgniter\CodeIgniter->handleRequest(null, Object(Config\Cache), false)
 4 SYSTEMPATH\Boot.php(334): CodeIgniter\CodeIgniter->run()
 5 SYSTEMPATH\Boot.php(67): CodeIgniter\Boot::runCodeIgniter(Object(CodeIgniter\CodeIgniter))
 6 FCPATH\index.php(56): CodeIgniter\Boot::bootWeb(Object(Config\Paths))
CRITICAL - 2025-03-15 11:35:17 --> Error: Class "PhpOffice\PhpSpreadsheet\Spreadsheet" not found
[Method: GET, Route: home/export]
in APPPATH\Controllers\Home.php on line 231.
 1 SYSTEMPATH\CodeIgniter.php(933): App\Controllers\Home->export()
 2 SYSTEMPATH\CodeIgniter.php(507): CodeIgniter\CodeIgniter->runController(Object(App\Controllers\Home))
 3 SYSTEMPATH\CodeIgniter.php(354): CodeIgniter\CodeIgniter->handleRequest(null, Object(Config\Cache), false)
 4 SYSTEMPATH\Boot.php(334): CodeIgniter\CodeIgniter->run()
 5 SYSTEMPATH\Boot.php(67): CodeIgniter\Boot::runCodeIgniter(Object(CodeIgniter\CodeIgniter))
 6 FCPATH\index.php(56): CodeIgniter\Boot::bootWeb(Object(Config\Paths))
CRITICAL - 2025-03-15 11:35:18 --> Error: Class "PhpOffice\PhpSpreadsheet\Spreadsheet" not found
[Method: GET, Route: home/export]
in APPPATH\Controllers\Home.php on line 231.
 1 SYSTEMPATH\CodeIgniter.php(933): App\Controllers\Home->export()
 2 SYSTEMPATH\CodeIgniter.php(507): CodeIgniter\CodeIgniter->runController(Object(App\Controllers\Home))
 3 SYSTEMPATH\CodeIgniter.php(354): CodeIgniter\CodeIgniter->handleRequest(null, Object(Config\Cache), false)
 4 SYSTEMPATH\Boot.php(334): CodeIgniter\CodeIgniter->run()
 5 SYSTEMPATH\Boot.php(67): CodeIgniter\Boot::runCodeIgniter(Object(CodeIgniter\CodeIgniter))
 6 FCPATH\index.php(56): CodeIgniter\Boot::bootWeb(Object(Config\Paths))
CRITICAL - 2025-03-15 11:35:18 --> Error: Class "PhpOffice\PhpSpreadsheet\Spreadsheet" not found
[Method: GET, Route: home/export]
in APPPATH\Controllers\Home.php on line 231.
 1 SYSTEMPATH\CodeIgniter.php(933): App\Controllers\Home->export()
 2 SYSTEMPATH\CodeIgniter.php(507): CodeIgniter\CodeIgniter->runController(Object(App\Controllers\Home))
 3 SYSTEMPATH\CodeIgniter.php(354): CodeIgniter\CodeIgniter->handleRequest(null, Object(Config\Cache), false)
 4 SYSTEMPATH\Boot.php(334): CodeIgniter\CodeIgniter->run()
 5 SYSTEMPATH\Boot.php(67): CodeIgniter\Boot::runCodeIgniter(Object(CodeIgniter\CodeIgniter))
 6 FCPATH\index.php(56): CodeIgniter\Boot::bootWeb(Object(Config\Paths))
CRITICAL - 2025-03-15 11:35:19 --> Error: Class "PhpOffice\PhpSpreadsheet\Spreadsheet" not found
[Method: GET, Route: home/export]
in APPPATH\Controllers\Home.php on line 231.
 1 SYSTEMPATH\CodeIgniter.php(933): App\Controllers\Home->export()
 2 SYSTEMPATH\CodeIgniter.php(507): CodeIgniter\CodeIgniter->runController(Object(App\Controllers\Home))
 3 SYSTEMPATH\CodeIgniter.php(354): CodeIgniter\CodeIgniter->handleRequest(null, Object(Config\Cache), false)
 4 SYSTEMPATH\Boot.php(334): CodeIgniter\CodeIgniter->run()
 5 SYSTEMPATH\Boot.php(67): CodeIgniter\Boot::runCodeIgniter(Object(CodeIgniter\CodeIgniter))
 6 FCPATH\index.php(56): CodeIgniter\Boot::bootWeb(Object(Config\Paths))
CRITICAL - 2025-03-15 11:35:19 --> Error: Class "PhpOffice\PhpSpreadsheet\Spreadsheet" not found
[Method: GET, Route: home/export]
in APPPATH\Controllers\Home.php on line 231.
 1 SYSTEMPATH\CodeIgniter.php(933): App\Controllers\Home->export()
 2 SYSTEMPATH\CodeIgniter.php(507): CodeIgniter\CodeIgniter->runController(Object(App\Controllers\Home))
 3 SYSTEMPATH\CodeIgniter.php(354): CodeIgniter\CodeIgniter->handleRequest(null, Object(Config\Cache), false)
 4 SYSTEMPATH\Boot.php(334): CodeIgniter\CodeIgniter->run()
 5 SYSTEMPATH\Boot.php(67): CodeIgniter\Boot::runCodeIgniter(Object(CodeIgniter\CodeIgniter))
 6 FCPATH\index.php(56): CodeIgniter\Boot::bootWeb(Object(Config\Paths))
CRITICAL - 2025-03-15 11:35:47 --> Error: Class "PhpOffice\PhpSpreadsheet\Spreadsheet" not found
[Method: GET, Route: home/export]
in APPPATH\Controllers\Home.php on line 231.
 1 SYSTEMPATH\CodeIgniter.php(933): App\Controllers\Home->export()
 2 SYSTEMPATH\CodeIgniter.php(507): CodeIgniter\CodeIgniter->runController(Object(App\Controllers\Home))
 3 SYSTEMPATH\CodeIgniter.php(354): CodeIgniter\CodeIgniter->handleRequest(null, Object(Config\Cache), false)
 4 SYSTEMPATH\Boot.php(334): CodeIgniter\CodeIgniter->run()
 5 SYSTEMPATH\Boot.php(67): CodeIgniter\Boot::runCodeIgniter(Object(CodeIgniter\CodeIgniter))
 6 FCPATH\index.php(56): CodeIgniter\Boot::bootWeb(Object(Config\Paths))
CRITICAL - 2025-03-15 11:35:48 --> Error: Class "PhpOffice\PhpSpreadsheet\Spreadsheet" not found
[Method: GET, Route: home/export]
in APPPATH\Controllers\Home.php on line 231.
 1 SYSTEMPATH\CodeIgniter.php(933): App\Controllers\Home->export()
 2 SYSTEMPATH\CodeIgniter.php(507): CodeIgniter\CodeIgniter->runController(Object(App\Controllers\Home))
 3 SYSTEMPATH\CodeIgniter.php(354): CodeIgniter\CodeIgniter->handleRequest(null, Object(Config\Cache), false)
 4 SYSTEMPATH\Boot.php(334): CodeIgniter\CodeIgniter->run()
 5 SYSTEMPATH\Boot.php(67): CodeIgniter\Boot::runCodeIgniter(Object(CodeIgniter\CodeIgniter))
 6 FCPATH\index.php(56): CodeIgniter\Boot::bootWeb(Object(Config\Paths))
CRITICAL - 2025-03-15 11:35:49 --> Error: Class "PhpOffice\PhpSpreadsheet\Spreadsheet" not found
[Method: GET, Route: home/export]
in APPPATH\Controllers\Home.php on line 231.
 1 SYSTEMPATH\CodeIgniter.php(933): App\Controllers\Home->export()
 2 SYSTEMPATH\CodeIgniter.php(507): CodeIgniter\CodeIgniter->runController(Object(App\Controllers\Home))
 3 SYSTEMPATH\CodeIgniter.php(354): CodeIgniter\CodeIgniter->handleRequest(null, Object(Config\Cache), false)
 4 SYSTEMPATH\Boot.php(334): CodeIgniter\CodeIgniter->run()
 5 SYSTEMPATH\Boot.php(67): CodeIgniter\Boot::runCodeIgniter(Object(CodeIgniter\CodeIgniter))
 6 FCPATH\index.php(56): CodeIgniter\Boot::bootWeb(Object(Config\Paths))
CRITICAL - 2025-03-15 11:35:49 --> Error: Class "PhpOffice\PhpSpreadsheet\Spreadsheet" not found
[Method: GET, Route: home/export]
in APPPATH\Controllers\Home.php on line 231.
 1 SYSTEMPATH\CodeIgniter.php(933): App\Controllers\Home->export()
 2 SYSTEMPATH\CodeIgniter.php(507): CodeIgniter\CodeIgniter->runController(Object(App\Controllers\Home))
 3 SYSTEMPATH\CodeIgniter.php(354): CodeIgniter\CodeIgniter->handleRequest(null, Object(Config\Cache), false)
 4 SYSTEMPATH\Boot.php(334): CodeIgniter\CodeIgniter->run()
 5 SYSTEMPATH\Boot.php(67): CodeIgniter\Boot::runCodeIgniter(Object(CodeIgniter\CodeIgniter))
 6 FCPATH\index.php(56): CodeIgniter\Boot::bootWeb(Object(Config\Paths))
CRITICAL - 2025-03-15 11:35:49 --> Error: Class "PhpOffice\PhpSpreadsheet\Spreadsheet" not found
[Method: GET, Route: home/export]
in APPPATH\Controllers\Home.php on line 231.
 1 SYSTEMPATH\CodeIgniter.php(933): App\Controllers\Home->export()
 2 SYSTEMPATH\CodeIgniter.php(507): CodeIgniter\CodeIgniter->runController(Object(App\Controllers\Home))
 3 SYSTEMPATH\CodeIgniter.php(354): CodeIgniter\CodeIgniter->handleRequest(null, Object(Config\Cache), false)
 4 SYSTEMPATH\Boot.php(334): CodeIgniter\CodeIgniter->run()
 5 SYSTEMPATH\Boot.php(67): CodeIgniter\Boot::runCodeIgniter(Object(CodeIgniter\CodeIgniter))
 6 FCPATH\index.php(56): CodeIgniter\Boot::bootWeb(Object(Config\Paths))
CRITICAL - 2025-03-15 11:35:49 --> Error: Class "PhpOffice\PhpSpreadsheet\Spreadsheet" not found
[Method: GET, Route: home/export]
in APPPATH\Controllers\Home.php on line 231.
 1 SYSTEMPATH\CodeIgniter.php(933): App\Controllers\Home->export()
 2 SYSTEMPATH\CodeIgniter.php(507): CodeIgniter\CodeIgniter->runController(Object(App\Controllers\Home))
 3 SYSTEMPATH\CodeIgniter.php(354): CodeIgniter\CodeIgniter->handleRequest(null, Object(Config\Cache), false)
 4 SYSTEMPATH\Boot.php(334): CodeIgniter\CodeIgniter->run()
 5 SYSTEMPATH\Boot.php(67): CodeIgniter\Boot::runCodeIgniter(Object(CodeIgniter\CodeIgniter))
 6 FCPATH\index.php(56): CodeIgniter\Boot::bootWeb(Object(Config\Paths))
CRITICAL - 2025-03-15 11:35:50 --> Error: Class "PhpOffice\PhpSpreadsheet\Spreadsheet" not found
[Method: GET, Route: home/export]
in APPPATH\Controllers\Home.php on line 231.
 1 SYSTEMPATH\CodeIgniter.php(933): App\Controllers\Home->export()
 2 SYSTEMPATH\CodeIgniter.php(507): CodeIgniter\CodeIgniter->runController(Object(App\Controllers\Home))
 3 SYSTEMPATH\CodeIgniter.php(354): CodeIgniter\CodeIgniter->handleRequest(null, Object(Config\Cache), false)
 4 SYSTEMPATH\Boot.php(334): CodeIgniter\CodeIgniter->run()
 5 SYSTEMPATH\Boot.php(67): CodeIgniter\Boot::runCodeIgniter(Object(CodeIgniter\CodeIgniter))
 6 FCPATH\index.php(56): CodeIgniter\Boot::bootWeb(Object(Config\Paths))
CRITICAL - 2025-03-15 11:35:50 --> Error: Class "PhpOffice\PhpSpreadsheet\Spreadsheet" not found
[Method: GET, Route: home/export]
in APPPATH\Controllers\Home.php on line 231.
 1 SYSTEMPATH\CodeIgniter.php(933): App\Controllers\Home->export()
 2 SYSTEMPATH\CodeIgniter.php(507): CodeIgniter\CodeIgniter->runController(Object(App\Controllers\Home))
 3 SYSTEMPATH\CodeIgniter.php(354): CodeIgniter\CodeIgniter->handleRequest(null, Object(Config\Cache), false)
 4 SYSTEMPATH\Boot.php(334): CodeIgniter\CodeIgniter->run()
 5 SYSTEMPATH\Boot.php(67): CodeIgniter\Boot::runCodeIgniter(Object(CodeIgniter\CodeIgniter))
 6 FCPATH\index.php(56): CodeIgniter\Boot::bootWeb(Object(Config\Paths))
CRITICAL - 2025-03-15 11:35:50 --> Error: Class "PhpOffice\PhpSpreadsheet\Spreadsheet" not found
[Method: GET, Route: home/export]
in APPPATH\Controllers\Home.php on line 231.
 1 SYSTEMPATH\CodeIgniter.php(933): App\Controllers\Home->export()
 2 SYSTEMPATH\CodeIgniter.php(507): CodeIgniter\CodeIgniter->runController(Object(App\Controllers\Home))
 3 SYSTEMPATH\CodeIgniter.php(354): CodeIgniter\CodeIgniter->handleRequest(null, Object(Config\Cache), false)
 4 SYSTEMPATH\Boot.php(334): CodeIgniter\CodeIgniter->run()
 5 SYSTEMPATH\Boot.php(67): CodeIgniter\Boot::runCodeIgniter(Object(CodeIgniter\CodeIgniter))
 6 FCPATH\index.php(56): CodeIgniter\Boot::bootWeb(Object(Config\Paths))
CRITICAL - 2025-03-15 11:35:51 --> Error: Class "PhpOffice\PhpSpreadsheet\Spreadsheet" not found
[Method: GET, Route: home/export]
in APPPATH\Controllers\Home.php on line 231.
 1 SYSTEMPATH\CodeIgniter.php(933): App\Controllers\Home->export()
 2 SYSTEMPATH\CodeIgniter.php(507): CodeIgniter\CodeIgniter->runController(Object(App\Controllers\Home))
 3 SYSTEMPATH\CodeIgniter.php(354): CodeIgniter\CodeIgniter->handleRequest(null, Object(Config\Cache), false)
 4 SYSTEMPATH\Boot.php(334): CodeIgniter\CodeIgniter->run()
 5 SYSTEMPATH\Boot.php(67): CodeIgniter\Boot::runCodeIgniter(Object(CodeIgniter\CodeIgniter))
 6 FCPATH\index.php(56): CodeIgniter\Boot::bootWeb(Object(Config\Paths))
CRITICAL - 2025-03-15 11:35:51 --> Error: Class "PhpOffice\PhpSpreadsheet\Spreadsheet" not found
[Method: GET, Route: home/export]
in APPPATH\Controllers\Home.php on line 231.
 1 SYSTEMPATH\CodeIgniter.php(933): App\Controllers\Home->export()
 2 SYSTEMPATH\CodeIgniter.php(507): CodeIgniter\CodeIgniter->runController(Object(App\Controllers\Home))
 3 SYSTEMPATH\CodeIgniter.php(354): CodeIgniter\CodeIgniter->handleRequest(null, Object(Config\Cache), false)
 4 SYSTEMPATH\Boot.php(334): CodeIgniter\CodeIgniter->run()
 5 SYSTEMPATH\Boot.php(67): CodeIgniter\Boot::runCodeIgniter(Object(CodeIgniter\CodeIgniter))
 6 FCPATH\index.php(56): CodeIgniter\Boot::bootWeb(Object(Config\Paths))
CRITICAL - 2025-03-15 11:35:56 --> Error: Class "PhpOffice\PhpSpreadsheet\Spreadsheet" not found
[Method: GET, Route: home/export]
in APPPATH\Controllers\Home.php on line 231.
 1 SYSTEMPATH\CodeIgniter.php(933): App\Controllers\Home->export()
 2 SYSTEMPATH\CodeIgniter.php(507): CodeIgniter\CodeIgniter->runController(Object(App\Controllers\Home))
 3 SYSTEMPATH\CodeIgniter.php(354): CodeIgniter\CodeIgniter->handleRequest(null, Object(Config\Cache), false)
 4 SYSTEMPATH\Boot.php(334): CodeIgniter\CodeIgniter->run()
 5 SYSTEMPATH\Boot.php(67): CodeIgniter\Boot::runCodeIgniter(Object(CodeIgniter\CodeIgniter))
 6 FCPATH\index.php(56): CodeIgniter\Boot::bootWeb(Object(Config\Paths))
CRITICAL - 2025-03-15 11:35:56 --> Error: Class "PhpOffice\PhpSpreadsheet\Spreadsheet" not found
[Method: GET, Route: home/export]
in APPPATH\Controllers\Home.php on line 231.
 1 SYSTEMPATH\CodeIgniter.php(933): App\Controllers\Home->export()
 2 SYSTEMPATH\CodeIgniter.php(507): CodeIgniter\CodeIgniter->runController(Object(App\Controllers\Home))
 3 SYSTEMPATH\CodeIgniter.php(354): CodeIgniter\CodeIgniter->handleRequest(null, Object(Config\Cache), false)
 4 SYSTEMPATH\Boot.php(334): CodeIgniter\CodeIgniter->run()
 5 SYSTEMPATH\Boot.php(67): CodeIgniter\Boot::runCodeIgniter(Object(CodeIgniter\CodeIgniter))
 6 FCPATH\index.php(56): CodeIgniter\Boot::bootWeb(Object(Config\Paths))
CRITICAL - 2025-03-15 11:35:56 --> Error: Class "PhpOffice\PhpSpreadsheet\Spreadsheet" not found
[Method: GET, Route: home/export]
in APPPATH\Controllers\Home.php on line 231.
 1 SYSTEMPATH\CodeIgniter.php(933): App\Controllers\Home->export()
 2 SYSTEMPATH\CodeIgniter.php(507): CodeIgniter\CodeIgniter->runController(Object(App\Controllers\Home))
 3 SYSTEMPATH\CodeIgniter.php(354): CodeIgniter\CodeIgniter->handleRequest(null, Object(Config\Cache), false)
 4 SYSTEMPATH\Boot.php(334): CodeIgniter\CodeIgniter->run()
 5 SYSTEMPATH\Boot.php(67): CodeIgniter\Boot::runCodeIgniter(Object(CodeIgniter\CodeIgniter))
 6 FCPATH\index.php(56): CodeIgniter\Boot::bootWeb(Object(Config\Paths))
CRITICAL - 2025-03-15 11:36:14 --> Error: Class "PhpOffice\PhpSpreadsheet\Spreadsheet" not found
[Method: GET, Route: home/export]
in APPPATH\Controllers\Home.php on line 231.
 1 SYSTEMPATH\CodeIgniter.php(933): App\Controllers\Home->export()
 2 SYSTEMPATH\CodeIgniter.php(507): CodeIgniter\CodeIgniter->runController(Object(App\Controllers\Home))
 3 SYSTEMPATH\CodeIgniter.php(354): CodeIgniter\CodeIgniter->handleRequest(null, Object(Config\Cache), false)
 4 SYSTEMPATH\Boot.php(334): CodeIgniter\CodeIgniter->run()
 5 SYSTEMPATH\Boot.php(67): CodeIgniter\Boot::runCodeIgniter(Object(CodeIgniter\CodeIgniter))
 6 FCPATH\index.php(56): CodeIgniter\Boot::bootWeb(Object(Config\Paths))
