DEBUG - 2025-03-11 05:43:04 --> Session: Class initialized using 'CodeIgniter\Session\Handlers\FileHandler' driver.
DEBUG - 2025-03-11 05:43:12 --> Session: Class initialized using 'CodeIgniter\Session\Handlers\FileHandler' driver.
WARNING - 2025-03-11 05:43:12 --> [DEPRECATED] Creation of dynamic property App\Libraries\MareiCollection::$0 is deprecated in APPPATH\Libraries\DB.php on line 844.
 1 APPPATH\Libraries\DB.php(595): App\Libraries\MareiCollection->offsetSet(0, Object(stdClass))
 2 APPPATH\Controllers\Home5.php(235): App\Libraries\DB->get()
 3 SYSTEMPATH\CodeIgniter.php(933): App\Controllers\Home5->fetchData()
 4 SYSTEMPATH\CodeIgniter.php(507): CodeIgniter\CodeIgniter->runController(Object(App\Controllers\Home5))
 5 SYSTEMPATH\CodeIgniter.php(354): CodeIgniter\CodeIgniter->handleRequest(null, Object(Config\Cache), false)
 6 SYSTEMPATH\Boot.php(334): CodeIgniter\CodeIgniter->run()
 7 SYSTEMPATH\Boot.php(67): CodeIgniter\Boot::runCodeIgniter(Object(CodeIgniter\CodeIgniter))
 8 FCPATH\index.php(56): CodeIgniter\Boot::bootWeb(Object(Config\Paths))
DEBUG - 2025-03-11 05:43:17 --> Session: Class initialized using 'CodeIgniter\Session\Handlers\FileHandler' driver.
DEBUG - 2025-03-11 05:43:27 --> Session: Class initialized using 'CodeIgniter\Session\Handlers\FileHandler' driver.
WARNING - 2025-03-11 05:43:27 --> [DEPRECATED] Creation of dynamic property App\Libraries\MareiCollection::$0 is deprecated in APPPATH\Libraries\DB.php on line 844.
 1 APPPATH\Libraries\DB.php(595): App\Libraries\MareiCollection->offsetSet(0, Object(stdClass))
 2 APPPATH\Controllers\Home5.php(235): App\Libraries\DB->get()
 3 SYSTEMPATH\CodeIgniter.php(933): App\Controllers\Home5->fetchData()
 4 SYSTEMPATH\CodeIgniter.php(507): CodeIgniter\CodeIgniter->runController(Object(App\Controllers\Home5))
 5 SYSTEMPATH\CodeIgniter.php(354): CodeIgniter\CodeIgniter->handleRequest(null, Object(Config\Cache), false)
 6 SYSTEMPATH\Boot.php(334): CodeIgniter\CodeIgniter->run()
 7 SYSTEMPATH\Boot.php(67): CodeIgniter\Boot::runCodeIgniter(Object(CodeIgniter\CodeIgniter))
 8 FCPATH\index.php(56): CodeIgniter\Boot::bootWeb(Object(Config\Paths))
DEBUG - 2025-03-11 05:43:40 --> Session: Class initialized using 'CodeIgniter\Session\Handlers\FileHandler' driver.
DEBUG - 2025-03-11 05:43:46 --> Session: Class initialized using 'CodeIgniter\Session\Handlers\FileHandler' driver.
WARNING - 2025-03-11 05:43:46 --> [DEPRECATED] Creation of dynamic property App\Libraries\MareiCollection::$0 is deprecated in APPPATH\Libraries\DB.php on line 844.
 1 APPPATH\Libraries\DB.php(595): App\Libraries\MareiCollection->offsetSet(0, Object(stdClass))
 2 APPPATH\Controllers\Home5.php(235): App\Libraries\DB->get()
 3 SYSTEMPATH\CodeIgniter.php(933): App\Controllers\Home5->fetchData()
 4 SYSTEMPATH\CodeIgniter.php(507): CodeIgniter\CodeIgniter->runController(Object(App\Controllers\Home5))
 5 SYSTEMPATH\CodeIgniter.php(354): CodeIgniter\CodeIgniter->handleRequest(null, Object(Config\Cache), false)
 6 SYSTEMPATH\Boot.php(334): CodeIgniter\CodeIgniter->run()
 7 SYSTEMPATH\Boot.php(67): CodeIgniter\Boot::runCodeIgniter(Object(CodeIgniter\CodeIgniter))
 8 FCPATH\index.php(56): CodeIgniter\Boot::bootWeb(Object(Config\Paths))
DEBUG - 2025-03-11 05:43:51 --> Session: Class initialized using 'CodeIgniter\Session\Handlers\FileHandler' driver.
DEBUG - 2025-03-11 05:44:05 --> Session: Class initialized using 'CodeIgniter\Session\Handlers\FileHandler' driver.
DEBUG - 2025-03-11 05:44:10 --> Session: Class initialized using 'CodeIgniter\Session\Handlers\FileHandler' driver.
WARNING - 2025-03-11 05:44:10 --> [DEPRECATED] Creation of dynamic property App\Libraries\MareiCollection::$0 is deprecated in APPPATH\Libraries\DB.php on line 844.
 1 APPPATH\Libraries\DB.php(595): App\Libraries\MareiCollection->offsetSet(0, Object(stdClass))
 2 APPPATH\Controllers\Home5.php(235): App\Libraries\DB->get()
 3 SYSTEMPATH\CodeIgniter.php(933): App\Controllers\Home5->fetchData()
 4 SYSTEMPATH\CodeIgniter.php(507): CodeIgniter\CodeIgniter->runController(Object(App\Controllers\Home5))
 5 SYSTEMPATH\CodeIgniter.php(354): CodeIgniter\CodeIgniter->handleRequest(null, Object(Config\Cache), false)
 6 SYSTEMPATH\Boot.php(334): CodeIgniter\CodeIgniter->run()
 7 SYSTEMPATH\Boot.php(67): CodeIgniter\Boot::runCodeIgniter(Object(CodeIgniter\CodeIgniter))
 8 FCPATH\index.php(56): CodeIgniter\Boot::bootWeb(Object(Config\Paths))
DEBUG - 2025-03-11 05:45:16 --> Session: Class initialized using 'CodeIgniter\Session\Handlers\FileHandler' driver.
DEBUG - 2025-03-11 05:45:19 --> Session: Class initialized using 'CodeIgniter\Session\Handlers\FileHandler' driver.
WARNING - 2025-03-11 05:45:19 --> [DEPRECATED] Creation of dynamic property App\Libraries\MareiCollection::$0 is deprecated in APPPATH\Libraries\DB.php on line 844.
 1 APPPATH\Libraries\DB.php(595): App\Libraries\MareiCollection->offsetSet(0, Object(stdClass))
 2 APPPATH\Controllers\Home5.php(235): App\Libraries\DB->get()
 3 SYSTEMPATH\CodeIgniter.php(933): App\Controllers\Home5->fetchData()
 4 SYSTEMPATH\CodeIgniter.php(507): CodeIgniter\CodeIgniter->runController(Object(App\Controllers\Home5))
 5 SYSTEMPATH\CodeIgniter.php(354): CodeIgniter\CodeIgniter->handleRequest(null, Object(Config\Cache), false)
 6 SYSTEMPATH\Boot.php(334): CodeIgniter\CodeIgniter->run()
 7 SYSTEMPATH\Boot.php(67): CodeIgniter\Boot::runCodeIgniter(Object(CodeIgniter\CodeIgniter))
 8 FCPATH\index.php(56): CodeIgniter\Boot::bootWeb(Object(Config\Paths))
DEBUG - 2025-03-11 05:45:21 --> Session: Class initialized using 'CodeIgniter\Session\Handlers\FileHandler' driver.
WARNING - 2025-03-11 05:45:21 --> [DEPRECATED] Creation of dynamic property App\Libraries\MareiCollection::$0 is deprecated in APPPATH\Libraries\DB.php on line 844.
 1 APPPATH\Libraries\DB.php(595): App\Libraries\MareiCollection->offsetSet(0, Object(stdClass))
 2 APPPATH\Controllers\Home5.php(235): App\Libraries\DB->get()
 3 SYSTEMPATH\CodeIgniter.php(933): App\Controllers\Home5->fetchData()
 4 SYSTEMPATH\CodeIgniter.php(507): CodeIgniter\CodeIgniter->runController(Object(App\Controllers\Home5))
 5 SYSTEMPATH\CodeIgniter.php(354): CodeIgniter\CodeIgniter->handleRequest(null, Object(Config\Cache), false)
 6 SYSTEMPATH\Boot.php(334): CodeIgniter\CodeIgniter->run()
 7 SYSTEMPATH\Boot.php(67): CodeIgniter\Boot::runCodeIgniter(Object(CodeIgniter\CodeIgniter))
 8 FCPATH\index.php(56): CodeIgniter\Boot::bootWeb(Object(Config\Paths))
DEBUG - 2025-03-11 05:47:35 --> Session: Class initialized using 'CodeIgniter\Session\Handlers\FileHandler' driver.
DEBUG - 2025-03-11 05:47:39 --> Session: Class initialized using 'CodeIgniter\Session\Handlers\FileHandler' driver.
WARNING - 2025-03-11 05:47:39 --> [DEPRECATED] Creation of dynamic property App\Libraries\MareiCollection::$0 is deprecated in APPPATH\Libraries\DB.php on line 844.
 1 APPPATH\Libraries\DB.php(595): App\Libraries\MareiCollection->offsetSet(0, Object(stdClass))
 2 APPPATH\Controllers\Home5.php(235): App\Libraries\DB->get()
 3 SYSTEMPATH\CodeIgniter.php(933): App\Controllers\Home5->fetchData()
 4 SYSTEMPATH\CodeIgniter.php(507): CodeIgniter\CodeIgniter->runController(Object(App\Controllers\Home5))
 5 SYSTEMPATH\CodeIgniter.php(354): CodeIgniter\CodeIgniter->handleRequest(null, Object(Config\Cache), false)
 6 SYSTEMPATH\Boot.php(334): CodeIgniter\CodeIgniter->run()
 7 SYSTEMPATH\Boot.php(67): CodeIgniter\Boot::runCodeIgniter(Object(CodeIgniter\CodeIgniter))
 8 FCPATH\index.php(56): CodeIgniter\Boot::bootWeb(Object(Config\Paths))
DEBUG - 2025-03-11 05:47:43 --> Session: Class initialized using 'CodeIgniter\Session\Handlers\FileHandler' driver.
DEBUG - 2025-03-11 05:47:51 --> Session: Class initialized using 'CodeIgniter\Session\Handlers\FileHandler' driver.
WARNING - 2025-03-11 05:47:51 --> [DEPRECATED] Creation of dynamic property App\Libraries\MareiCollection::$0 is deprecated in APPPATH\Libraries\DB.php on line 844.
 1 APPPATH\Libraries\DB.php(595): App\Libraries\MareiCollection->offsetSet(0, Object(stdClass))
 2 APPPATH\Controllers\Home5.php(235): App\Libraries\DB->get()
 3 SYSTEMPATH\CodeIgniter.php(933): App\Controllers\Home5->fetchData()
 4 SYSTEMPATH\CodeIgniter.php(507): CodeIgniter\CodeIgniter->runController(Object(App\Controllers\Home5))
 5 SYSTEMPATH\CodeIgniter.php(354): CodeIgniter\CodeIgniter->handleRequest(null, Object(Config\Cache), false)
 6 SYSTEMPATH\Boot.php(334): CodeIgniter\CodeIgniter->run()
 7 SYSTEMPATH\Boot.php(67): CodeIgniter\Boot::runCodeIgniter(Object(CodeIgniter\CodeIgniter))
 8 FCPATH\index.php(56): CodeIgniter\Boot::bootWeb(Object(Config\Paths))
DEBUG - 2025-03-11 05:47:55 --> Session: Class initialized using 'CodeIgniter\Session\Handlers\FileHandler' driver.
DEBUG - 2025-03-11 05:49:13 --> Session: Class initialized using 'CodeIgniter\Session\Handlers\FileHandler' driver.
DEBUG - 2025-03-11 05:54:02 --> Session: Class initialized using 'CodeIgniter\Session\Handlers\FileHandler' driver.
DEBUG - 2025-03-11 05:55:36 --> Session: Class initialized using 'CodeIgniter\Session\Handlers\FileHandler' driver.
DEBUG - 2025-03-11 05:56:01 --> Session: Class initialized using 'CodeIgniter\Session\Handlers\FileHandler' driver.
DEBUG - 2025-03-11 05:56:06 --> Session: Class initialized using 'CodeIgniter\Session\Handlers\FileHandler' driver.
DEBUG - 2025-03-11 05:56:18 --> Session: Class initialized using 'CodeIgniter\Session\Handlers\FileHandler' driver.
DEBUG - 2025-03-11 05:57:07 --> Session: Class initialized using 'CodeIgniter\Session\Handlers\FileHandler' driver.
DEBUG - 2025-03-11 05:57:14 --> Session: Class initialized using 'CodeIgniter\Session\Handlers\FileHandler' driver.
